#
# A fatal error has been detected by the Java Runtime Environment:
#
#  EXCEPTION_ACCESS_VIOLATION (0xc0000005) at pc=0x00007ffc5cadfa7a, pid=21140, tid=11792
#
# JRE version: OpenJDK Runtime Environment Temurin-17.0.4+8 (17.0.4+8) (build 17.0.4+8)
# Java VM: OpenJDK 64-Bit Server VM Temurin-17.0.4+8 (17.0.4+8, mixed mode, emulated-client, tiered, compressed oops, compressed class ptrs, g1 gc, windows-amd64)
# Problematic frame:
# V  [jvm.dll+0x79fa7a]
#
# No core dump will be written. Minidumps are not enabled by default on client versions of Windows
#
# If you would like to submit a bug report, please visit:
#   https://github.com/adoptium/adoptium-support/issues
#

---------------  S U M M A R Y ------------

Command Line: -XX:+ShowCodeDetailsInExceptionMessages -agentlib:jdwp=transport=dt_socket,suspend=y,address=localhost:59223 -XX:TieredStopAtLevel=1 -Dspring.boot.project.name=lawzone -javaagent:D:\sts\sts-4.15.3.RELEASE\configuration\org.eclipse.osgi\258\0\.cp\lib\javaagent-shaded.jar -Dfile.encoding=UTF-8 com.lawzone.market.LawzoneApplication --spring.output.ansi.enabled=always

Host: 11th Gen Intel(R) Core(TM) i5-11400H @ 2.70GHz, 12 cores, 15G,  Windows 11 , 64 bit Build 22621 (10.0.22621.608)
Time: Wed Oct 19 19:33:48 2022  Windows 11 , 64 bit Build 22621 (10.0.22621.608) elapsed time: 3886.270379 seconds (0d 1h 4m 46s)

---------------  T H R E A D  ---------------

Current thread (0x0000017bd42e7ae0):  JavaThread "JDWP Transport Listener: dt_socket" daemon [_thread_in_vm, id=11792, stack(0x0000007af2200000,0x0000007af2300000)]

Stack: [0x0000007af2200000,0x0000007af2300000],  sp=0x0000007af22ff480,  free space=1021k
Native frames: (J=compiled Java code, j=interpreted, Vv=VM code, C=native code)
V  [jvm.dll+0x79fa7a]
V  [jvm.dll+0x50963c]
V  [jvm.dll+0x4d0ca4]
C  [jdwp.dll+0x22f7b]


siginfo: EXCEPTION_ACCESS_VIOLATION (0xc0000005), reading address 0x00000000004f0052


Register to memory mapping:

RIP=0x00007ffc5cadfa7a jvm.dll
RAX=0x0000000000000050 is an unknown value
RBX=0x0000017bd405f180 points into unknown readable memory: 0x657461632f74656b | 6b 65 74 2f 63 61 74 65
RCX=0x00000000004f004e is an unknown value
RDX=0x0000017bd9109810 points into unknown readable memory: 0x77616c2f6d6f634c | 4c 63 6f 6d 2f 6c 61 77
RSP=0x0000007af22ff480 is pointing into the stack for thread: 0x0000017bd42e7ae0
RBP=0x0000017bd42d5920 points into unknown readable memory: 0x0000000000000002 | 02 00 00 00 00 00 00 00
RSI=0x0 is NULL
RDI=0xffffffffffffffff is an unknown value
R8 =0x0000000000000030 is an unknown value
R9 =0x0000000000000040 is an unknown value
R10=0x0 is NULL
R11=0x0000007af22ff4a0 is pointing into the stack for thread: 0x0000017bd42e7ae0
R12=0x0000007af22ff5d8 is pointing into the stack for thread: 0x0000017bd42e7ae0
R13=0x0 is NULL
R14=0x0000000800cd53a0 is a pointer to class: 
com.lawzone.market.util.DateToStringConverter {0x0000000800cd53a8}
 - instance size:     2
 - klass size:        73
 - access:            public synchronized 
 - state:             fully_initialized
 - name:              'com/lawzone/market/util/DateToStringConverter'
 - super:             'java/lang/Object'
 - sub:               
 - arrays:            NULL
 - methods:           Array<T>(0x0000017bde5cb968)
 - method ordering:   Array<T>(0x0000017bde5cbe20)
 - default_methods:   Array<T>(0x0000000000000000)
 - local interfaces:  Array<T>(0x0000017bde4fde18)
 - trans. interfaces: Array<T>(0x0000017bde4fde18)
 - constants:         constant pool [89] {0x0000017bde5dc578} for 'com/lawzone/market/util/DateToStringConverter' cache=0x0000017bde5dc8d8
 - class loader data:  loader data: 0x0000017bdadd0120 for instance a 'org/springframework/boot/devtools/restart/classloader/RestartClassLoader'{0x00000007058aaf00}
 - source file:       'DateToStringConverter.java'
 - source debug extension:       SMAP
DateToStringConverter.java
Java
*S jdt
*F
1 DateToStringConverter.java
2 file:/D:/sts/workspace/lawzone/bin/main/
*L
*E

 - class annotations:       Array<T>(0x0000017bde5cbdf0)
 - class type annotations:  Array<T>(0x0000000000000000)
 - field annotations:       Array<T>(0x0000000000000000)
 - field type annotations:  Array<T>(0x0000000000000000)
 - generic signature: '
[error occurred during error reporting (printing register info), id 0xc0000005, EXCEPTION_ACCESS_VIOLATION (0xc0000005) at pc=0x00007ffc5cae0686]

Registers:
RAX=0x0000000000000050, RBX=0x0000017bd405f180, RCX=0x00000000004f004e, RDX=0x0000017bd9109810
RSP=0x0000007af22ff480, RBP=0x0000017bd42d5920, RSI=0x0000000000000000, RDI=0xffffffffffffffff
R8 =0x0000000000000030, R9 =0x0000000000000040, R10=0x0000000000000000, R11=0x0000007af22ff4a0
R12=0x0000007af22ff5d8, R13=0x0000000000000000, R14=0x0000000800cd53a0, R15=0x0000007af22ff600
RIP=0x00007ffc5cadfa7a, EFLAGS=0x0000000000010202

Top of Stack: (sp=0x0000007af22ff480)
0x0000007af22ff480:   000000000000002d 0000000800cd53a0
0x0000007af22ff490:   0000017bd914b260 00007ffccc2ab1a1
0x0000007af22ff4a0:   ffffffffffffffff 00007ffc5c84963c
0x0000007af22ff4b0:   0000017bd405f180 0000017bd405f150
0x0000007af22ff4c0:   0000017bd42d5920 0000000000000000
0x0000007af22ff4d0:   0000017bd405f110 00000000000003d8
0x0000007af22ff4e0:   0000017bd405f120 0000017bd405f4f8
0x0000007af22ff4f0:   0000000000022501 0000007af22ff5d8
0x0000007af22ff500:   0000000000000007 0000017bd42e7d88
0x0000007af22ff510:   0000000704f18550 00007ffc5c810ca4
0x0000007af22ff520:   0000017bd42e7ae0 0000007af22ff600
0x0000007af22ff530:   0000017bc11ff010 0000007af22ff600
0x0000007af22ff540:   0000017bd42e7ae0 0000000000000000
0x0000007af22ff550:   0000000000000000 0000000000000000
0x0000007af22ff560:   0000017bd6262db0 00007ffcb9542f7b
0x0000007af22ff570:   0000007af22ff5f8 00007ffcb9551600 

Instructions: (pc=0x00007ffc5cadfa7a)
0x00007ffc5cadf97a:   48 83 c4 20 5f e9 6c 69 90 ff cc cc cc cc cc cc
0x00007ffc5cadf98a:   cc cc cc cc cc cc 48 89 5c 24 08 57 48 83 ec 20
0x00007ffc5cadf99a:   83 fa 02 8d 42 06 b9 08 00 00 00 49 8b d8 0f 4e
0x00007ffc5cadf9aa:   c1 48 63 c8 48 83 c1 07 83 e1 f8 48 63 f9 49 8b
0x00007ffc5cadf9ba:   48 18 48 8b c7 48 f7 d0 48 3b c1 73 16 4c 8d 05
0x00007ffc5cadf9ca:   6a 58 17 00 48 8b d7 48 8b cb e8 77 cc 90 ff 48
0x00007ffc5cadf9da:   8b 4b 18 48 8d 04 39 48 3b 43 20 76 18 45 33 c0
0x00007ffc5cadf9ea:   48 8b d7 48 8b cb 48 8b 5c 24 30 48 83 c4 20 5f
0x00007ffc5cadf9fa:   e9 d1 c8 90 ff 48 89 43 18 48 8b c1 48 8b 5c 24
0x00007ffc5cadfa0a:   30 48 83 c4 20 5f c3 cc cc cc cc cc cc cc cc cc
0x00007ffc5cadfa1a:   cc cc cc cc cc cc 4c 8b d2 4c 8b d9 45 85 c0 7e
0x00007ffc5cadfa2a:   3c 44 0f b7 49 04 41 8d 40 ff 41 3b c1 44 0f 4c
0x00007ffc5cadfa3a:   c8 4d 63 c1 45 85 c9 7e 1f 48 8b c2 4c 2b da 49
0x00007ffc5cadfa4a:   8b d0 0f 1f 40 00 41 0f b6 4c 03 06 88 08 48 8d
0x00007ffc5cadfa5a:   40 01 48 83 ea 01 75 ee 43 c6 04 10 00 49 8b c2
0x00007ffc5cadfa6a:   c3 cc cc cc cc cc 48 89 5c 24 08 57 48 83 ec 20
0x00007ffc5cadfa7a:   0f b7 59 04 48 8b f9 33 d2 48 8d 4b 01 e8 c4 d9
0x00007ffc5cadfa8a:   f2 ff 0f b7 57 04 4c 8b c0 3b da 0f 42 d3 44 8b
0x00007ffc5cadfa9a:   ca 85 d2 74 39 48 2b f8 0f 1f 40 00 66 66 0f 1f
0x00007ffc5cadfaaa:   84 00 00 00 00 00 0f b6 4c 07 06 88 08 48 ff c0
0x00007ffc5cadfaba:   48 8b c8 49 2b c8 49 3b c9 7c eb 42 c6 04 02 00
0x00007ffc5cadfaca:   49 8b c0 48 8b 5c 24 30 48 83 c4 20 5f c3 48 8b
0x00007ffc5cadfada:   5c 24 30 c6 04 02 00 48 83 c4 20 5f c3 cc cc cc
0x00007ffc5cadfaea:   cc cc cc cc cc cc 4c 8b d1 45 85 c0 7e 6c 44 0f
0x00007ffc5cadfafa:   b7 49 04 41 8d 40 ff 41 3b c1 44 0f 4c c8 4d 63
0x00007ffc5cadfb0a:   d9 45 85 c9 7e 22 48 8b ca 4c 2b d2 4d 8b c3 0f
0x00007ffc5cadfb1a:   1f 80 00 00 00 00 41 0f b6 44 0a 06 88 01 48 8d
0x00007ffc5cadfb2a:   49 01 49 83 e8 01 75 ee 41 c6 04 13 00 48 c7 c0
0x00007ffc5cadfb3a:   ff ff ff ff 66 90 48 ff c0 80 3c 02 00 75 f7 48
0x00007ffc5cadfb4a:   63 c8 85 c0 48 8b c2 7e 14 80 38 2f 75 03 c6 00
0x00007ffc5cadfb5a:   2e 48 ff c0 48 83 e9 01 75 ef 48 8b c2 c3 cc cc
0x00007ffc5cadfb6a:   cc cc cc cc cc cc 48 83 ec 28 e8 f7 fe ff ff 4c 


Stack slot to memory mapping:
stack at sp + 0 slots: 0x000000000000002d is an unknown value
stack at sp + 1 slots: 0x0000000800cd53a0 is a pointer to class: 
com.lawzone.market.util.DateToStringConverter {0x0000000800cd53a8}
 - instance size:     2
 - klass size:        73
 - access:            public synchronized 
 - state:             fully_initialized
 - name:              'com/lawzone/market/util/DateToStringConverter'
 - super:             'java/lang/Object'
 - sub:               
 - arrays:            NULL
 - methods:           Array<T>(0x0000017bde5cb968)
 - method ordering:   Array<T>(0x0000017bde5cbe20)
 - default_methods:   Array<T>(0x0000000000000000)
 - local interfaces:  Array<T>(0x0000017bde4fde18)
 - trans. interfaces: Array<T>(0x0000017bde4fde18)
 - constants:         constant pool [89] {0x0000017bde5dc578} for 'com/lawzone/market/util/DateToStringConverter' cache=0x0000017bde5dc8d8
 - class loader data:  loader data: 0x0000017bdadd0120 for instance a 'org/springframework/boot/devtools/restart/classloader/RestartClassLoader'{0x00000007058aaf00}
 - source file:       'DateToStringConverter.java'
 - source debug extension:       SMAP
DateToStringConverter.java
Java
*S jdt
*F
1 DateToStringConverter.java
2 file:/D:/sts/workspace/lawzone/bin/main/
*L
*E

 - class annotations:       Array<T>(0x0000017bde5cbdf0)
 - class type annotations:  Array<T>(0x0000000000000000)
 - field annotations:       Array<T>(0x0000000000000000)
 - field type annotations:  Array<T>(0x0000000000000000)
 - generic signature: '
[error occurred during error reporting (inspecting top of stack), id 0xc0000005, EXCEPTION_ACCESS_VIOLATION (0xc0000005) at pc=0x00007ffc5cae0686]


---------------  P R O C E S S  ---------------

Threads class SMR info:
_java_thread_list=0x0000017bdd49eb20, length=34, elements={
0x0000017bd369c000, 0x0000017bd369e3d0, 0x0000017bd4017c40, 0x0000017bd36b96d0,
0x0000017bd36ba080, 0x0000017bd4035580, 0x0000017bd4041350, 0x0000017bd4044c70,
0x0000017bd408cc90, 0x0000017bd42e7ae0, 0x0000017bd42e9d70, 0x0000017bd42ec460,
0x0000017bd55a3b70, 0x0000017bd6c836a0, 0x0000017bd9286d70, 0x0000017bd9283880,
0x0000017bdd5a4520, 0x0000017bdd5a5860, 0x0000017bdd5a2840, 0x0000017bdd5a2d10,
0x0000017bdd5a2370, 0x0000017bdd5a3b80, 0x0000017bd9285a30, 0x0000017bd9285f00,
0x0000017bd92863d0, 0x0000017bd9287240, 0x0000017bd9283d50, 0x0000017bd9282540,
0x0000017bd9284bc0, 0x0000017bd92898c0, 0x0000017bd9287be0, 0x0000017bd9287710,
0x0000017bd9282ee0, 0x0000017bd92833b0
}

Java Threads: ( => current thread )
  0x0000017bd369c000 JavaThread "Reference Handler" daemon [_thread_blocked, id=10136, stack(0x0000007af1800000,0x0000007af1900000)]
  0x0000017bd369e3d0 JavaThread "Finalizer" daemon [_thread_blocked, id=2360, stack(0x0000007af1900000,0x0000007af1a00000)]
  0x0000017bd4017c40 JavaThread "Signal Dispatcher" daemon [_thread_blocked, id=16100, stack(0x0000007af1a00000,0x0000007af1b00000)]
  0x0000017bd36b96d0 JavaThread "Attach Listener" daemon [_thread_blocked, id=11216, stack(0x0000007af1b00000,0x0000007af1c00000)]
  0x0000017bd36ba080 JavaThread "Service Thread" daemon [_thread_blocked, id=16756, stack(0x0000007af1c00000,0x0000007af1d00000)]
  0x0000017bd4035580 JavaThread "Monitor Deflation Thread" daemon [_thread_blocked, id=22776, stack(0x0000007af1d00000,0x0000007af1e00000)]
  0x0000017bd4041350 JavaThread "C1 CompilerThread0" daemon [_thread_blocked, id=11040, stack(0x0000007af1e00000,0x0000007af1f00000)]
  0x0000017bd4044c70 JavaThread "Sweeper thread" daemon [_thread_blocked, id=10212, stack(0x0000007af1f00000,0x0000007af2000000)]
  0x0000017bd408cc90 JavaThread "Common-Cleaner" daemon [_thread_blocked, id=18992, stack(0x0000007af2000000,0x0000007af2100000)]
=>0x0000017bd42e7ae0 JavaThread "JDWP Transport Listener: dt_socket" daemon [_thread_in_vm, id=11792, stack(0x0000007af2200000,0x0000007af2300000)]
  0x0000017bd42e9d70 JavaThread "JDWP Event Helper Thread" daemon [_thread_blocked, id=20272, stack(0x0000007af2300000,0x0000007af2400000)]
  0x0000017bd42ec460 JavaThread "JDWP Command Reader" daemon [_thread_in_native, id=22416, stack(0x0000007af2400000,0x0000007af2500000)]
  0x0000017bd55a3b70 JavaThread "Notification Thread" daemon [_thread_blocked, id=16648, stack(0x0000007af2600000,0x0000007af2700000)]
  0x0000017bd6c836a0 JavaThread "mysql-cj-abandoned-connection-cleanup" daemon [_thread_blocked, id=19988, stack(0x0000007af3400000,0x0000007af3500000)]
  0x0000017bd9286d70 JavaThread "Live Reload Server" daemon [_thread_in_native, id=12900, stack(0x0000007af4100000,0x0000007af4200000)]
  0x0000017bd9283880 JavaThread "DestroyJavaVM" [_thread_blocked, id=9880, stack(0x0000007af1100000,0x0000007af1200000)]
  0x0000017bdd5a4520 JavaThread "HikariPool-7 housekeeper" daemon [_thread_blocked, id=8572, stack(0x0000007af2100000,0x0000007af2200000)]
  0x0000017bdd5a5860 JavaThread "Catalina-utility-1" [_thread_blocked, id=11808, stack(0x0000007af2500000,0x0000007af2600000)]
  0x0000017bdd5a2840 JavaThread "Catalina-utility-2" [_thread_blocked, id=15352, stack(0x0000007af2e00000,0x0000007af2f00000)]
  0x0000017bdd5a2d10 JavaThread "container-0" [_thread_blocked, id=15504, stack(0x0000007af3200000,0x0000007af3300000)]
  0x0000017bdd5a2370 JavaThread "java-sdk-http-connection-reaper" daemon [_thread_blocked, id=4728, stack(0x0000007af3a00000,0x0000007af3b00000)]
  0x0000017bdd5a3b80 JavaThread "File Watcher" daemon [_thread_blocked, id=12632, stack(0x0000007af3b00000,0x0000007af3c00000)]
  0x0000017bd9285a30 JavaThread "http-nio-8080-exec-1" daemon [_thread_blocked, id=5144, stack(0x0000007af3c00000,0x0000007af3d00000)]
  0x0000017bd9285f00 JavaThread "http-nio-8080-exec-2" daemon [_thread_blocked, id=17864, stack(0x0000007af3f00000,0x0000007af4000000)]
  0x0000017bd92863d0 JavaThread "http-nio-8080-exec-3" daemon [_thread_blocked, id=21548, stack(0x0000007af4000000,0x0000007af4100000)]
  0x0000017bd9287240 JavaThread "http-nio-8080-exec-4" daemon [_thread_blocked, id=2624, stack(0x0000007af4200000,0x0000007af4300000)]
  0x0000017bd9283d50 JavaThread "http-nio-8080-exec-5" daemon [_thread_blocked, id=9268, stack(0x0000007af4300000,0x0000007af4400000)]
  0x0000017bd9282540 JavaThread "http-nio-8080-exec-6" daemon [_thread_blocked, id=20648, stack(0x0000007af4400000,0x0000007af4500000)]
  0x0000017bd9284bc0 JavaThread "http-nio-8080-exec-7" daemon [_thread_blocked, id=22984, stack(0x0000007af4500000,0x0000007af4600000)]
  0x0000017bd92898c0 JavaThread "http-nio-8080-exec-8" daemon [_thread_blocked, id=19364, stack(0x0000007af4600000,0x0000007af4700000)]
  0x0000017bd9287be0 JavaThread "http-nio-8080-exec-9" daemon [_thread_blocked, id=19220, stack(0x0000007af4700000,0x0000007af4800000)]
  0x0000017bd9287710 JavaThread "http-nio-8080-exec-10" daemon [_thread_blocked, id=16732, stack(0x0000007af4800000,0x0000007af4900000)]
  0x0000017bd9282ee0 JavaThread "http-nio-8080-Poller" daemon [_thread_in_native, id=7908, stack(0x0000007af4900000,0x0000007af4a00000)]
  0x0000017bd92833b0 JavaThread "http-nio-8080-Acceptor" daemon [_thread_in_native, id=9632, stack(0x0000007af4a00000,0x0000007af4b00000)]

Other Threads:
  0x0000017bd36988d0 VMThread "VM Thread" [stack: 0x0000007af1700000,0x0000007af1800000] [id=23436]
  0x0000017bc1213250 WatcherThread [stack: 0x0000007af2700000,0x0000007af2800000] [id=1300]
  0x0000017bc127ea90 GCTaskThread "GC Thread#0" [stack: 0x0000007af1200000,0x0000007af1300000] [id=13660]
  0x0000017bd61d8c30 GCTaskThread "GC Thread#1" [stack: 0x0000007af2800000,0x0000007af2900000] [id=1816]
  0x0000017bd622eb40 GCTaskThread "GC Thread#2" [stack: 0x0000007af2900000,0x0000007af2a00000] [id=17380]
  0x0000017bd622edf0 GCTaskThread "GC Thread#3" [stack: 0x0000007af2a00000,0x0000007af2b00000] [id=14360]
  0x0000017bd622f0a0 GCTaskThread "GC Thread#4" [stack: 0x0000007af2b00000,0x0000007af2c00000] [id=17848]
  0x0000017bd622f350 GCTaskThread "GC Thread#5" [stack: 0x0000007af2c00000,0x0000007af2d00000] [id=18040]
  0x0000017bd6275610 GCTaskThread "GC Thread#6" [stack: 0x0000007af2d00000,0x0000007af2e00000] [id=9056]
  0x0000017bd6273de0 GCTaskThread "GC Thread#7" [stack: 0x0000007af2f00000,0x0000007af3000000] [id=23168]
  0x0000017bd62758c0 GCTaskThread "GC Thread#8" [stack: 0x0000007af3000000,0x0000007af3100000] [id=11836]
  0x0000017bd6274090 GCTaskThread "GC Thread#9" [stack: 0x0000007af3100000,0x0000007af3200000] [id=20460]
  0x0000017bc128f660 ConcurrentGCThread "G1 Main Marker" [stack: 0x0000007af1300000,0x0000007af1400000] [id=23264]
  0x0000017bc1290970 ConcurrentGCThread "G1 Conc#0" [stack: 0x0000007af1400000,0x0000007af1500000] [id=18336]
  0x0000017bd6274340 ConcurrentGCThread "G1 Conc#1" [stack: 0x0000007af3500000,0x0000007af3600000] [id=21792]
  0x0000017bd62745f0 ConcurrentGCThread "G1 Conc#2" [stack: 0x0000007af3600000,0x0000007af3700000] [id=18608]
  0x0000017bc12beac0 ConcurrentGCThread "G1 Refine#0" [stack: 0x0000007af1500000,0x0000007af1600000] [id=22332]
  0x0000017bd913e060 ConcurrentGCThread "G1 Refine#1" [stack: 0x0000007af3d00000,0x0000007af3e00000] [id=6792]
  0x0000017bd913f1a0 ConcurrentGCThread "G1 Refine#2" [stack: 0x0000007af3e00000,0x0000007af3f00000] [id=924]
  0x0000017bd35943e0 ConcurrentGCThread "G1 Service" [stack: 0x0000007af1600000,0x0000007af1700000] [id=16024]

Threads with active compile tasks:

VM state: not at safepoint (normal execution)

VM Mutex/Monitor currently owned by a thread: None

Heap address: 0x0000000703600000, size: 4042 MB, Compressed Oops mode: Zero based, Oop shift amount: 3

CDS archive(s) not mapped
Compressed class space mapped at: 0x0000000800000000-0x0000000840000000, reserved size: 1073741824
Narrow klass base: 0x0000000800000000, Narrow klass shift: 0, Narrow klass range: 0x40000000

GC Precious Log:
 CPUs: 12 total, 12 available
 Memory: 16163M
 Large Page Support: Disabled
 NUMA Support: Disabled
 Compressed Oops: Enabled (Zero based)
 Heap Region Size: 2M
 Heap Min Capacity: 8M
 Heap Initial Capacity: 254M
 Heap Max Capacity: 4042M
 Pre-touch: Disabled
 Parallel Workers: 10
 Concurrent Workers: 3
 Concurrent Refinement Workers: 10
 Periodic GC: Disabled

Heap:
 garbage-first heap   total 143360K, used 55768K [0x0000000703600000, 0x0000000800000000)
  region size 2048K, 5 young (10240K), 3 survivors (6144K)
 Metaspace       used 101614K, committed 102336K, reserved 1138688K
  class space    used 13319K, committed 13696K, reserved 1048576K

Heap Regions: E=young(eden), S=young(survivor), O=old, HS=humongous(starts), HC=humongous(continues), CS=collection set, F=free, OA=open archive, CA=closed archive, TAMS=top-at-mark-start (previous, next)
|   0|0x0000000703600000, 0x0000000703800000, 0x0000000703800000|100%| O|  |TAMS 0x0000000703800000, 0x0000000703600000| Untracked 
|   1|0x0000000703800000, 0x0000000703a00000, 0x0000000703a00000|100%| O|  |TAMS 0x0000000703a00000, 0x0000000703800000| Untracked 
|   2|0x0000000703a00000, 0x0000000703c00000, 0x0000000703c00000|100%| O|  |TAMS 0x0000000703c00000, 0x0000000703a00000| Untracked 
|   3|0x0000000703c00000, 0x0000000703e00000, 0x0000000703e00000|100%| O|  |TAMS 0x0000000703e00000, 0x0000000703c00000| Untracked 
|   4|0x0000000703e00000, 0x0000000703ffffd8, 0x0000000704000000| 99%| O|  |TAMS 0x0000000703ffffd8, 0x0000000703e00000| Untracked 
|   5|0x0000000704000000, 0x00000007041fffe8, 0x0000000704200000| 99%| O|  |TAMS 0x00000007041fffe8, 0x0000000704000000| Untracked 
|   6|0x0000000704200000, 0x00000007043fffc0, 0x0000000704400000| 99%| O|  |TAMS 0x00000007043fffc0, 0x0000000704200000| Untracked 
|   7|0x0000000704400000, 0x00000007045ffff8, 0x0000000704600000| 99%| O|  |TAMS 0x00000007045ffff8, 0x0000000704400000| Untracked 
|   8|0x0000000704600000, 0x00000007047fffe8, 0x0000000704800000| 99%| O|  |TAMS 0x00000007047fffe8, 0x0000000704600000| Untracked 
|   9|0x0000000704800000, 0x0000000704a00000, 0x0000000704a00000|100%| O|  |TAMS 0x0000000704a00000, 0x0000000704800000| Untracked 
|  10|0x0000000704a00000, 0x0000000704bffff0, 0x0000000704c00000| 99%| O|  |TAMS 0x0000000704bffff0, 0x0000000704a00000| Untracked 
|  11|0x0000000704c00000, 0x0000000704dffff0, 0x0000000704e00000| 99%| O|  |TAMS 0x0000000704dffff0, 0x0000000704c00000| Untracked 
|  12|0x0000000704e00000, 0x0000000704fffbd0, 0x0000000705000000| 99%| O|  |TAMS 0x0000000704e00000, 0x0000000704e00000| Untracked 
|  13|0x0000000705000000, 0x00000007051ffff0, 0x0000000705200000| 99%| O|  |TAMS 0x0000000705000000, 0x0000000705000000| Untracked 
|  14|0x0000000705200000, 0x00000007053ffff8, 0x0000000705400000| 99%| O|  |TAMS 0x00000007053ffff8, 0x0000000705200000| Untracked 
|  15|0x0000000705400000, 0x00000007055fffe0, 0x0000000705600000| 99%| O|  |TAMS 0x0000000705400000, 0x0000000705400000| Untracked 
|  16|0x0000000705600000, 0x00000007057ffff8, 0x0000000705800000| 99%| O|  |TAMS 0x0000000705600000, 0x0000000705600000| Untracked 
|  17|0x0000000705800000, 0x00000007059fffa0, 0x0000000705a00000| 99%| O|  |TAMS 0x0000000705800000, 0x0000000705800000| Untracked 
|  18|0x0000000705a00000, 0x0000000705aa5250, 0x0000000705c00000| 32%| O|  |TAMS 0x0000000705a00000, 0x0000000705a00000| Untracked 
|  19|0x0000000705c00000, 0x0000000705dd5140, 0x0000000705e00000| 91%| O|  |TAMS 0x0000000705c00000, 0x0000000705c00000| Untracked 
|  20|0x0000000705e00000, 0x0000000706000000, 0x0000000706000000|100%| O|  |TAMS 0x0000000705e00000, 0x0000000705e00000| Untracked 
|  21|0x0000000706000000, 0x0000000706200000, 0x0000000706200000|100%| O|  |TAMS 0x0000000706000000, 0x0000000706000000| Untracked 
|  22|0x0000000706200000, 0x00000007063533a8, 0x0000000706400000| 66%| O|  |TAMS 0x0000000706200000, 0x0000000706200000| Untracked 
|  23|0x0000000706400000, 0x000000070659e748, 0x0000000706600000| 80%| O|  |TAMS 0x0000000706400000, 0x0000000706400000| Untracked 
|  24|0x0000000706600000, 0x000000070679d200, 0x0000000706800000| 80%| O|  |TAMS 0x0000000706600000, 0x0000000706600000| Untracked 
|  25|0x0000000706800000, 0x0000000706800000, 0x0000000706a00000|  0%| F|  |TAMS 0x0000000706800000, 0x0000000706800000| Untracked 
|  26|0x0000000706a00000, 0x0000000706a00000, 0x0000000706c00000|  0%| F|  |TAMS 0x0000000706a00000, 0x0000000706a00000| Untracked 
|  27|0x0000000706c00000, 0x0000000706c00000, 0x0000000706e00000|  0%| F|  |TAMS 0x0000000706c00000, 0x0000000706c00000| Untracked 
|  28|0x0000000706e00000, 0x0000000706e00000, 0x0000000707000000|  0%| F|  |TAMS 0x0000000706e00000, 0x0000000706e00000| Untracked 
|  29|0x0000000707000000, 0x0000000707000000, 0x0000000707200000|  0%| F|  |TAMS 0x0000000707000000, 0x0000000707000000| Untracked 
|  30|0x0000000707200000, 0x0000000707200000, 0x0000000707400000|  0%| F|  |TAMS 0x0000000707200000, 0x0000000707200000| Untracked 
|  31|0x0000000707400000, 0x0000000707400000, 0x0000000707600000|  0%| F|  |TAMS 0x0000000707400000, 0x0000000707400000| Untracked 
|  32|0x0000000707600000, 0x0000000707600000, 0x0000000707800000|  0%| F|  |TAMS 0x0000000707600000, 0x0000000707600000| Untracked 
|  33|0x0000000707800000, 0x0000000707876e90, 0x0000000707a00000| 23%| O|  |TAMS 0x0000000707800000, 0x0000000707800000| Untracked 
|  34|0x0000000707a00000, 0x0000000707a00000, 0x0000000707c00000|  0%| F|  |TAMS 0x0000000707a00000, 0x0000000707a00000| Untracked 
|  35|0x0000000707c00000, 0x0000000707c00000, 0x0000000707e00000|  0%| F|  |TAMS 0x0000000707c00000, 0x0000000707c00000| Untracked 
|  36|0x0000000707e00000, 0x0000000707ecc140, 0x0000000708000000| 39%| S|CS|TAMS 0x0000000707e00000, 0x0000000707e00000| Complete 
|  37|0x0000000708000000, 0x0000000708200000, 0x0000000708200000|100%| S|CS|TAMS 0x0000000708000000, 0x0000000708000000| Complete 
|  38|0x0000000708200000, 0x0000000708200000, 0x0000000708400000|  0%| F|  |TAMS 0x0000000708200000, 0x0000000708200000| Untracked 
|  39|0x0000000708400000, 0x000000070842a7a8, 0x0000000708600000|  8%| O|  |TAMS 0x0000000708400000, 0x0000000708400000| Untracked 
|  40|0x0000000708600000, 0x0000000708800000, 0x0000000708800000|100%| S|CS|TAMS 0x0000000708600000, 0x0000000708600000| Complete 
|  41|0x0000000708800000, 0x0000000708800000, 0x0000000708a00000|  0%| F|  |TAMS 0x0000000708800000, 0x0000000708800000| Untracked 
|  42|0x0000000708a00000, 0x0000000708a00000, 0x0000000708c00000|  0%| F|  |TAMS 0x0000000708a00000, 0x0000000708a00000| Untracked 
|  43|0x0000000708c00000, 0x0000000708c00000, 0x0000000708e00000|  0%| F|  |TAMS 0x0000000708c00000, 0x0000000708c00000| Untracked 
|  44|0x0000000708e00000, 0x0000000708e00000, 0x0000000709000000|  0%| F|  |TAMS 0x0000000708e00000, 0x0000000708e00000| Untracked 
|  45|0x0000000709000000, 0x0000000709000000, 0x0000000709200000|  0%| F|  |TAMS 0x0000000709000000, 0x0000000709000000| Untracked 
|  46|0x0000000709200000, 0x0000000709200000, 0x0000000709400000|  0%| F|  |TAMS 0x0000000709200000, 0x0000000709200000| Untracked 
|  47|0x0000000709400000, 0x0000000709400000, 0x0000000709600000|  0%| F|  |TAMS 0x0000000709400000, 0x0000000709400000| Untracked 
|  48|0x0000000709600000, 0x0000000709600000, 0x0000000709800000|  0%| F|  |TAMS 0x0000000709600000, 0x0000000709600000| Untracked 
|  49|0x0000000709800000, 0x0000000709800000, 0x0000000709a00000|  0%| F|  |TAMS 0x0000000709800000, 0x0000000709800000| Untracked 
|  50|0x0000000709a00000, 0x0000000709a00000, 0x0000000709c00000|  0%| F|  |TAMS 0x0000000709a00000, 0x0000000709a00000| Untracked 
|  51|0x0000000709c00000, 0x0000000709c00000, 0x0000000709e00000|  0%| F|  |TAMS 0x0000000709c00000, 0x0000000709c00000| Untracked 
|  52|0x0000000709e00000, 0x0000000709e00000, 0x000000070a000000|  0%| F|  |TAMS 0x0000000709e00000, 0x0000000709e00000| Untracked 
|  53|0x000000070a000000, 0x000000070a000000, 0x000000070a200000|  0%| F|  |TAMS 0x000000070a000000, 0x000000070a000000| Untracked 
|  54|0x000000070a200000, 0x000000070a200000, 0x000000070a400000|  0%| F|  |TAMS 0x000000070a200000, 0x000000070a200000| Untracked 
|  55|0x000000070a400000, 0x000000070a400000, 0x000000070a600000|  0%| F|  |TAMS 0x000000070a400000, 0x000000070a400000| Untracked 
|  56|0x000000070a600000, 0x000000070a600000, 0x000000070a800000|  0%| F|  |TAMS 0x000000070a600000, 0x000000070a600000| Untracked 
|  57|0x000000070a800000, 0x000000070a800000, 0x000000070aa00000|  0%| F|  |TAMS 0x000000070a800000, 0x000000070a800000| Untracked 
|  58|0x000000070aa00000, 0x000000070aa00000, 0x000000070ac00000|  0%| F|  |TAMS 0x000000070aa00000, 0x000000070aa00000| Untracked 
|  59|0x000000070ac00000, 0x000000070ac00000, 0x000000070ae00000|  0%| F|  |TAMS 0x000000070ac00000, 0x000000070ac00000| Untracked 
|  60|0x000000070ae00000, 0x000000070ae00000, 0x000000070b000000|  0%| F|  |TAMS 0x000000070ae00000, 0x000000070ae00000| Untracked 
|  61|0x000000070b000000, 0x000000070b000000, 0x000000070b200000|  0%| F|  |TAMS 0x000000070b000000, 0x000000070b000000| Untracked 
|  62|0x000000070b200000, 0x000000070b200000, 0x000000070b400000|  0%| F|  |TAMS 0x000000070b200000, 0x000000070b200000| Untracked 
|  63|0x000000070b400000, 0x000000070b400000, 0x000000070b600000|  0%| F|  |TAMS 0x000000070b400000, 0x000000070b400000| Untracked 
|  64|0x000000070b600000, 0x000000070b600000, 0x000000070b800000|  0%| F|  |TAMS 0x000000070b600000, 0x000000070b600000| Untracked 
|  65|0x000000070b800000, 0x000000070b800000, 0x000000070ba00000|  0%| F|  |TAMS 0x000000070b800000, 0x000000070b800000| Untracked 
|  66|0x000000070ba00000, 0x000000070ba00000, 0x000000070bc00000|  0%| F|  |TAMS 0x000000070ba00000, 0x000000070ba00000| Untracked 
|  67|0x000000070bc00000, 0x000000070bc00000, 0x000000070be00000|  0%| F|  |TAMS 0x000000070bc00000, 0x000000070bc00000| Untracked 
|  68|0x000000070be00000, 0x000000070bea6d40, 0x000000070c000000| 32%| E|  |TAMS 0x000000070be00000, 0x000000070be00000| Complete 
|  69|0x000000070c000000, 0x000000070c200000, 0x000000070c200000|100%| E|CS|TAMS 0x000000070c000000, 0x000000070c000000| Complete 

Card table byte_map: [0x0000017bc83d0000,0x0000017bc8bc0000] _byte_map_base: 0x0000017bc4bb5000

Marking Bits (Prev, Next): (CMBitMap*) 0x0000017bc127f0a0, (CMBitMap*) 0x0000017bc127f0e0
 Prev Bits: [0x0000017bc93b0000, 0x0000017bcd2d8000)
 Next Bits: [0x0000017bcd2e0000, 0x0000017bd1208000)

Polling page: 0x0000017bc09c0000

Metaspace:

Usage:
  Non-class:     86.23 MB used.
      Class:     13.01 MB used.
       Both:     99.23 MB used.

Virtual space:
  Non-class space:       88.00 MB reserved,      86.56 MB ( 98%) committed,  11 nodes.
      Class space:        1.00 GB reserved,      13.38 MB (  1%) committed,  1 nodes.
             Both:        1.09 GB reserved,      99.94 MB (  9%) committed. 

Chunk freelists:
   Non-Class:  1.14 MB
       Class:  2.50 MB
        Both:  3.64 MB

MaxMetaspaceSize: unlimited
CompressedClassSpaceSize: 1.00 GB
Initial GC threshold: 21.00 MB
Current GC threshold: 164.50 MB
CDS: off
MetaspaceReclaimPolicy: balanced
 - commit_granule_bytes: 65536.
 - commit_granule_words: 8192.
 - virtual_space_node_default_size: 1048576.
 - enlarge_chunks_in_place: 1.
 - new_chunks_are_fully_committed: 0.
 - uncommit_free_chunks: 1.
 - use_allocation_guard: 0.
 - handle_deallocations: 1.


Internal statistics:

num_allocs_failed_limit: 11.
num_arena_births: 2004.
num_arena_deaths: 874.
num_vsnodes_births: 12.
num_vsnodes_deaths: 0.
num_space_committed: 1599.
num_space_uncommitted: 0.
num_chunks_returned_to_freelist: 1139.
num_chunks_taken_from_freelist: 6308.
num_chunk_merges: 309.
num_chunk_splits: 3607.
num_chunks_enlarged: 2240.
num_purges: 12.
num_inconsistent_stats: 0.

CodeCache: size=49152Kb used=27794Kb max_used=29427Kb free=21357Kb
 bounds [0x0000017bc48b0000, 0x0000017bc6570000, 0x0000017bc78b0000]
 total_blobs=15076 nmethods=14269 adapters=733
 compilation: enabled
              stopped_count=0, restarted_count=0
 full_count=0

Compilation events (20 events):
Event: 3813.590 Thread 0x0000017bd4041350 14421       1       net.sf.json.JSONNull::equals (48 bytes)
Event: 3813.590 Thread 0x0000017bd4041350 nmethod 14421 0x0000017bc643e210 code [0x0000017bc643e3c0, 0x0000017bc643e5a8]
Event: 3813.590 Thread 0x0000017bd4041350 14419       1       net.sf.json.JSONObject::verifyIsNull (19 bytes)
Event: 3813.590 Thread 0x0000017bd4041350 nmethod 14419 0x0000017bc643de10 code [0x0000017bc643dfc0, 0x0000017bc643e148]
Event: 3813.597 Thread 0x0000017bd4041350 14422       1       com.sun.beans.introspect.EventSetInfo::get (373 bytes)
Event: 3813.598 Thread 0x0000017bd4041350 nmethod 14422 0x0000017bc643bc10 code [0x0000017bc643bfe0, 0x0000017bc643d1c8]
Event: 3813.598 Thread 0x0000017bd4041350 14423       1       net.sf.json.processors.JsonValueProcessorMatcher$DefaultJsonValueProcessorMatcher::getMatch (22 bytes)
Event: 3813.598 Thread 0x0000017bd4041350 nmethod 14423 0x0000017bc643b810 code [0x0000017bc643b9c0, 0x0000017bc643bb28]
Event: 3813.598 Thread 0x0000017bd4041350 14425       1       net.sf.json.util.JSONUtils::isString (63 bytes)
Event: 3813.598 Thread 0x0000017bd4041350 nmethod 14425 0x0000017bc643b010 code [0x0000017bc643b200, 0x0000017bc643b608]
Event: 3813.598 Thread 0x0000017bd4041350 14426       1       net.sf.json.util.JSONUtils::quote (513 bytes)
Event: 3813.599 Thread 0x0000017bd4041350 nmethod 14426 0x0000017bc6437e90 code [0x0000017bc6438220, 0x0000017bc6439d98]
Event: 3813.599 Thread 0x0000017bd4041350 14427  s    1       java.lang.StringBuffer::append (15 bytes)
Event: 3813.599 Thread 0x0000017bd4041350 nmethod 14427 0x0000017bc6437910 code [0x0000017bc6437ac0, 0x0000017bc6437d08]
Event: 3813.599 Thread 0x0000017bd4041350 14424       1       org.apache.commons.beanutils.BeanUtilsBean::getPropertyUtils (5 bytes)
Event: 3813.599 Thread 0x0000017bd4041350 nmethod 14424 0x0000017bc6437610 code [0x0000017bc64377a0, 0x0000017bc6437878]
Event: 3813.600 Thread 0x0000017bd4041350 14428       1       org.springframework.core.ResolvableType::getRawClass (54 bytes)
Event: 3813.600 Thread 0x0000017bd4041350 nmethod 14428 0x0000017bc6437090 code [0x0000017bc6437240, 0x0000017bc6437508]
Event: 3874.195 Thread 0x0000017bd4041350 14429       1       java.nio.channels.SocketChannel::validOps (3 bytes)
Event: 3874.196 Thread 0x0000017bd4041350 nmethod 14429 0x0000017bc6436d90 code [0x0000017bc6436f20, 0x0000017bc6436ff8]

GC Heap History (20 events):
Event: 3442.839 GC heap before
{Heap before GC invocations=52 (full 4):
 garbage-first heap   total 143360K, used 110198K [0x0000000703600000, 0x0000000800000000)
  region size 2048K, 33 young (67584K), 4 survivors (8192K)
 Metaspace       used 98985K, committed 99712K, reserved 1138688K
  class space    used 13097K, committed 13440K, reserved 1048576K
}
Event: 3442.843 GC heap after
{Heap after GC invocations=53 (full 4):
 garbage-first heap   total 143360K, used 54039K [0x0000000703600000, 0x0000000800000000)
  region size 2048K, 4 young (8192K), 4 survivors (8192K)
 Metaspace       used 98985K, committed 99712K, reserved 1138688K
  class space    used 13097K, committed 13440K, reserved 1048576K
}
Event: 3751.881 GC heap before
{Heap before GC invocations=53 (full 4):
 garbage-first heap   total 143360K, used 94999K [0x0000000703600000, 0x0000000800000000)
  region size 2048K, 25 young (51200K), 4 survivors (8192K)
 Metaspace       used 99033K, committed 99776K, reserved 1138688K
  class space    used 13098K, committed 13440K, reserved 1048576K
}
Event: 3751.918 GC heap after
{Heap after GC invocations=54 (full 5):
 garbage-first heap   total 143360K, used 38962K [0x0000000703600000, 0x0000000800000000)
  region size 2048K, 0 young (0K), 0 survivors (0K)
 Metaspace       used 98754K, committed 99776K, reserved 1138688K
  class space    used 13039K, committed 13440K, reserved 1048576K
}
Event: 3752.476 GC heap before
{Heap before GC invocations=54 (full 5):
 garbage-first heap   total 143360K, used 108594K [0x0000000703600000, 0x0000000800000000)
  region size 2048K, 35 young (71680K), 0 survivors (0K)
 Metaspace       used 99214K, committed 99904K, reserved 1138688K
  class space    used 13107K, committed 13440K, reserved 1048576K
}
Event: 3752.479 GC heap after
{Heap after GC invocations=55 (full 5):
 garbage-first heap   total 143360K, used 44350K [0x0000000703600000, 0x0000000800000000)
  region size 2048K, 3 young (6144K), 3 survivors (6144K)
 Metaspace       used 99214K, committed 99904K, reserved 1138688K
  class space    used 13107K, committed 13440K, reserved 1048576K
}
Event: 3752.994 GC heap before
{Heap before GC invocations=55 (full 5):
 garbage-first heap   total 143360K, used 109886K [0x0000000703600000, 0x0000000800000000)
  region size 2048K, 35 young (71680K), 3 survivors (6144K)
 Metaspace       used 99565K, committed 100224K, reserved 1138688K
  class space    used 13140K, committed 13440K, reserved 1048576K
}
Event: 3752.998 GC heap after
{Heap after GC invocations=56 (full 5):
 garbage-first heap   total 143360K, used 47260K [0x0000000703600000, 0x0000000800000000)
  region size 2048K, 5 young (10240K), 5 survivors (10240K)
 Metaspace       used 99565K, committed 100224K, reserved 1138688K
  class space    used 13140K, committed 13440K, reserved 1048576K
}
Event: 3753.321 GC heap before
{Heap before GC invocations=56 (full 5):
 garbage-first heap   total 143360K, used 110748K [0x0000000703600000, 0x0000000800000000)
  region size 2048K, 36 young (73728K), 5 survivors (10240K)
 Metaspace       used 100002K, committed 100672K, reserved 1138688K
  class space    used 13176K, committed 13504K, reserved 1048576K
}
Event: 3753.325 GC heap after
{Heap after GC invocations=57 (full 5):
 garbage-first heap   total 143360K, used 50548K [0x0000000703600000, 0x0000000800000000)
  region size 2048K, 4 young (8192K), 4 survivors (8192K)
 Metaspace       used 100002K, committed 100672K, reserved 1138688K
  class space    used 13176K, committed 13504K, reserved 1048576K
}
Event: 3778.715 GC heap before
{Heap before GC invocations=57 (full 5):
 garbage-first heap   total 143360K, used 103796K [0x0000000703600000, 0x0000000800000000)
  region size 2048K, 31 young (63488K), 4 survivors (8192K)
 Metaspace       used 100327K, committed 101056K, reserved 1138688K
  class space    used 13210K, committed 13568K, reserved 1048576K
}
Event: 3778.754 GC heap after
{Heap after GC invocations=58 (full 6):
 garbage-first heap   total 143360K, used 43059K [0x0000000703600000, 0x0000000800000000)
  region size 2048K, 0 young (0K), 0 survivors (0K)
 Metaspace       used 100185K, committed 101056K, reserved 1138688K
  class space    used 13175K, committed 13568K, reserved 1048576K
}
Event: 3779.077 GC heap before
{Heap before GC invocations=58 (full 6):
 garbage-first heap   total 143360K, used 108595K [0x0000000703600000, 0x0000000800000000)
  region size 2048K, 33 young (67584K), 0 survivors (0K)
 Metaspace       used 100562K, committed 101248K, reserved 1138688K
  class space    used 13233K, committed 13568K, reserved 1048576K
}
Event: 3779.079 GC heap after
{Heap after GC invocations=59 (full 6):
 garbage-first heap   total 143360K, used 47155K [0x0000000703600000, 0x0000000800000000)
  region size 2048K, 2 young (4096K), 2 survivors (4096K)
 Metaspace       used 100562K, committed 101248K, reserved 1138688K
  class space    used 13233K, committed 13568K, reserved 1048576K
}
Event: 3779.844 GC heap before
{Heap before GC invocations=59 (full 6):
 garbage-first heap   total 143360K, used 110643K [0x0000000703600000, 0x0000000800000000)
  region size 2048K, 33 young (67584K), 2 survivors (4096K)
 Metaspace       used 100885K, committed 101568K, reserved 1138688K
  class space    used 13260K, committed 13568K, reserved 1048576K
}
Event: 3779.847 GC heap after
{Heap after GC invocations=60 (full 6):
 garbage-first heap   total 143360K, used 49376K [0x0000000703600000, 0x0000000800000000)
  region size 2048K, 4 young (8192K), 4 survivors (8192K)
 Metaspace       used 100885K, committed 101568K, reserved 1138688K
  class space    used 13260K, committed 13568K, reserved 1048576K
}
Event: 3780.061 GC heap before
{Heap before GC invocations=60 (full 6):
 garbage-first heap   total 143360K, used 110816K [0x0000000703600000, 0x0000000800000000)
  region size 2048K, 34 young (69632K), 4 survivors (8192K)
 Metaspace       used 101355K, committed 102016K, reserved 1138688K
  class space    used 13297K, committed 13632K, reserved 1048576K
}
Event: 3780.064 GC heap after
{Heap after GC invocations=61 (full 6):
 garbage-first heap   total 143360K, used 51116K [0x0000000703600000, 0x0000000800000000)
  region size 2048K, 3 young (6144K), 3 survivors (6144K)
 Metaspace       used 101355K, committed 102016K, reserved 1138688K
  class space    used 13297K, committed 13632K, reserved 1048576K
}
Event: 3870.347 GC heap before
{Heap before GC invocations=61 (full 6):
 garbage-first heap   total 143360K, used 110508K [0x0000000703600000, 0x0000000800000000)
  region size 2048K, 32 young (65536K), 3 survivors (6144K)
 Metaspace       used 101587K, committed 102336K, reserved 1138688K
  class space    used 13318K, committed 13696K, reserved 1048576K
}
Event: 3870.354 GC heap after
{Heap after GC invocations=62 (full 6):
 garbage-first heap   total 143360K, used 53720K [0x0000000703600000, 0x0000000800000000)
  region size 2048K, 3 young (6144K), 3 survivors (6144K)
 Metaspace       used 101587K, committed 102336K, reserved 1138688K
  class space    used 13318K, committed 13696K, reserved 1048576K
}

Deoptimization events (20 events):
Event: 3813.597 Thread 0x0000017bd9285f00 DEOPT PACKING pc=0x0000017bc4cf8ffc sp=0x0000007af3ff6b50
Event: 3813.597 Thread 0x0000017bd9285f00 DEOPT UNPACKING pc=0x0000017bc4906763 sp=0x0000007af3ff6008 mode 1
Event: 3813.597 Thread 0x0000017bd9285f00 DEOPT PACKING pc=0x0000017bc4d658dc sp=0x0000007af3ff7540
Event: 3813.597 Thread 0x0000017bd9285f00 DEOPT UNPACKING pc=0x0000017bc4906763 sp=0x0000007af3ff6a30 mode 1
Event: 3813.597 Thread 0x0000017bd9285f00 DEOPT PACKING pc=0x0000017bc4cf8ffc sp=0x0000007af3ff76b0
Event: 3813.597 Thread 0x0000017bd9285f00 DEOPT UNPACKING pc=0x0000017bc4906763 sp=0x0000007af3ff6b68 mode 1
Event: 3813.597 Thread 0x0000017bd9285f00 DEOPT PACKING pc=0x0000017bc4d658dc sp=0x0000007af3ff80a0
Event: 3813.597 Thread 0x0000017bd9285f00 DEOPT UNPACKING pc=0x0000017bc4906763 sp=0x0000007af3ff7578 mode 1
Event: 3813.597 Thread 0x0000017bd9285f00 DEOPT PACKING pc=0x0000017bc4b4a9c4 sp=0x0000007af3ff8140
Event: 3813.597 Thread 0x0000017bd9285f00 DEOPT UNPACKING pc=0x0000017bc4906763 sp=0x0000007af3ff75a0 mode 1
Event: 3813.597 Thread 0x0000017bd9285f00 DEOPT PACKING pc=0x0000017bc4b4be54 sp=0x0000007af3ff81c0
Event: 3813.597 Thread 0x0000017bd9285f00 DEOPT UNPACKING pc=0x0000017bc4906763 sp=0x0000007af3ff76d8 mode 1
Event: 3813.597 Thread 0x0000017bd9285f00 DEOPT PACKING pc=0x0000017bc4b4c77c sp=0x0000007af3ff82b0
Event: 3813.597 Thread 0x0000017bd9285f00 DEOPT UNPACKING pc=0x0000017bc4906763 sp=0x0000007af3ff7768 mode 1
Event: 3813.597 Thread 0x0000017bd9285f00 DEOPT PACKING pc=0x0000017bc4d658dc sp=0x0000007af3ff8ca0
Event: 3813.597 Thread 0x0000017bd9285f00 DEOPT UNPACKING pc=0x0000017bc4906763 sp=0x0000007af3ff8178 mode 1
Event: 3813.597 Thread 0x0000017bd9285f00 DEOPT PACKING pc=0x0000017bc605386c sp=0x0000007af3ff8d40
Event: 3813.597 Thread 0x0000017bd9285f00 DEOPT UNPACKING pc=0x0000017bc4906763 sp=0x0000007af3ff8290 mode 1
Event: 3813.597 Thread 0x0000017bd9285f00 DEOPT PACKING pc=0x0000017bc4fe0824 sp=0x0000007af3ff8d50
Event: 3813.597 Thread 0x0000017bd9285f00 DEOPT UNPACKING pc=0x0000017bc4906763 sp=0x0000007af3ff8220 mode 1

Classes unloaded (20 events):
Event: 3778.727 Thread 0x0000017bd36988d0 Unloading class 0x0000000800a49400 'jdk/internal/reflect/GeneratedMethodAccessor366'
Event: 3778.727 Thread 0x0000017bd36988d0 Unloading class 0x0000000800cfc400 'jdk/internal/reflect/GeneratedMethodAccessor365'
Event: 3778.727 Thread 0x0000017bd36988d0 Unloading class 0x0000000800cfc800 'jdk/internal/reflect/GeneratedMethodAccessor364'
Event: 3778.727 Thread 0x0000017bd36988d0 Unloading class 0x0000000800d05000 'jdk/internal/reflect/GeneratedMethodAccessor363'
Event: 3778.727 Thread 0x0000017bd36988d0 Unloading class 0x0000000800d0b000 'jdk/internal/reflect/GeneratedMethodAccessor362'
Event: 3778.727 Thread 0x0000017bd36988d0 Unloading class 0x0000000800d11c00 'jdk/internal/reflect/GeneratedMethodAccessor361'
Event: 3778.727 Thread 0x0000017bd36988d0 Unloading class 0x0000000800d10c00 'jdk/internal/reflect/GeneratedMethodAccessor342'
Event: 3778.727 Thread 0x0000017bd36988d0 Unloading class 0x0000000800cf3000 'jdk/internal/reflect/GeneratedMethodAccessor310'
Event: 3778.727 Thread 0x0000017bd36988d0 Unloading class 0x0000000800cf2c00 'jdk/internal/reflect/GeneratedMethodAccessor309'
Event: 3778.727 Thread 0x0000017bd36988d0 Unloading class 0x0000000800cf2800 'jdk/internal/reflect/GeneratedMethodAccessor308'
Event: 3778.727 Thread 0x0000017bd36988d0 Unloading class 0x0000000800cf2400 'jdk/internal/reflect/GeneratedMethodAccessor307'
Event: 3778.727 Thread 0x0000017bd36988d0 Unloading class 0x0000000800cf2000 'jdk/internal/reflect/GeneratedMethodAccessor306'
Event: 3778.727 Thread 0x0000017bd36988d0 Unloading class 0x0000000800cf0000 'jdk/internal/reflect/GeneratedMethodAccessor298'
Event: 3778.727 Thread 0x0000017bd36988d0 Unloading class 0x0000000800cebc00 'jdk/internal/reflect/GeneratedMethodAccessor297'
Event: 3778.727 Thread 0x0000017bd36988d0 Unloading class 0x0000000800cc2c00 'jdk/internal/reflect/GeneratedMethodAccessor236'
Event: 3778.727 Thread 0x0000017bd36988d0 Unloading class 0x0000000800cc2800 'jdk/internal/reflect/GeneratedMethodAccessor235'
Event: 3778.727 Thread 0x0000017bd36988d0 Unloading class 0x0000000800cc2400 'jdk/internal/reflect/GeneratedMethodAccessor234'
Event: 3778.727 Thread 0x0000017bd36988d0 Unloading class 0x0000000800cc2000 'jdk/internal/reflect/GeneratedMethodAccessor233'
Event: 3778.727 Thread 0x0000017bd36988d0 Unloading class 0x0000000800c0c000 'jdk/internal/reflect/GeneratedMethodAccessor232'
Event: 3778.727 Thread 0x0000017bd36988d0 Unloading class 0x0000000800aac800 'jdk/internal/reflect/GeneratedMethodAccessor231'

Classes redefined (20 events):
Event: 3282.444 Thread 0x0000017bd36988d0 redefined class name=com.lawzone.market.util.JsonUtils, count=1
Event: 3282.444 Thread 0x0000017bd36988d0 redefined class name=com.lawzone.market.util.JsonUtils, count=1
Event: 3750.010 Thread 0x0000017bd36988d0 redefined class name=com.lawzone.market.product.ProductController, count=1
Event: 3750.010 Thread 0x0000017bd36988d0 redefined class name=com.lawzone.market.product.ProductController, count=1
Event: 3750.010 Thread 0x0000017bd36988d0 redefined class name=com.lawzone.market.product.ProductController, count=1
Event: 3750.010 Thread 0x0000017bd36988d0 redefined class name=com.lawzone.market.product.ProductController, count=2
Event: 3750.010 Thread 0x0000017bd36988d0 redefined class name=com.lawzone.market.product.ProductController, count=1
Event: 3776.952 Thread 0x0000017bd36988d0 redefined class name=com.lawzone.market.product.ProductController, count=2
Event: 3776.952 Thread 0x0000017bd36988d0 redefined class name=com.lawzone.market.product.ProductController, count=2
Event: 3776.952 Thread 0x0000017bd36988d0 redefined class name=com.lawzone.market.product.ProductController, count=2
Event: 3776.952 Thread 0x0000017bd36988d0 redefined class name=com.lawzone.market.product.ProductController, count=3
Event: 3776.952 Thread 0x0000017bd36988d0 redefined class name=com.lawzone.market.product.ProductController, count=2
Event: 3776.952 Thread 0x0000017bd36988d0 redefined class name=com.lawzone.market.product.ProductController, count=1
Event: 3886.206 Thread 0x0000017bd36988d0 redefined class name=com.lawzone.market.product.ProductController, count=3
Event: 3886.206 Thread 0x0000017bd36988d0 redefined class name=com.lawzone.market.product.ProductController, count=3
Event: 3886.206 Thread 0x0000017bd36988d0 redefined class name=com.lawzone.market.product.ProductController, count=2
Event: 3886.206 Thread 0x0000017bd36988d0 redefined class name=com.lawzone.market.product.ProductController, count=3
Event: 3886.206 Thread 0x0000017bd36988d0 redefined class name=com.lawzone.market.product.ProductController, count=4
Event: 3886.206 Thread 0x0000017bd36988d0 redefined class name=com.lawzone.market.product.ProductController, count=3
Event: 3886.206 Thread 0x0000017bd36988d0 redefined class name=com.lawzone.market.product.ProductController, count=1

Internal exceptions (20 events):
Event: 3780.014 Thread 0x0000017bdd5a49f0 Exception <a 'java/lang/ClassNotFoundException'{0x0000000709457c08}: com/lawzone/market/config/BaseTimeEntityCustomizer> (0x0000000709457c08) 
thrown [s\src\hotspot\share\classfile\systemDictionary.cpp, line 256]
Event: 3780.014 Thread 0x0000017bdd5a49f0 Exception <a 'java/lang/ClassNotFoundException'{0x0000000709461178}: com/lawzone/market/image/ProductImageInfoCustomizer> (0x0000000709461178) 
thrown [s\src\hotspot\share\classfile\systemDictionary.cpp, line 256]
Event: 3780.042 Thread 0x0000017bdd5a49f0 Exception <a 'java/lang/ClassNotFoundException'{0x0000000708f65d58}: java/lang/ObjectCustomizer> (0x0000000708f65d58) 
thrown [s\src\hotspot\share\classfile\systemDictionary.cpp, line 256]
Event: 3780.043 Thread 0x0000017bdd5a49f0 Exception <a 'java/lang/ClassNotFoundException'{0x0000000708f70630}: com/lawzone/market/config/BaseTimeEntityCustomizer> (0x0000000708f70630) 
thrown [s\src\hotspot\share\classfile\systemDictionary.cpp, line 256]
Event: 3780.043 Thread 0x0000017bdd5a49f0 Exception <a 'java/lang/ClassNotFoundException'{0x0000000708f79e80}: com/lawzone/market/product/service/ProductInfoCustomizer> (0x0000000708f79e80) 
thrown [s\src\hotspot\share\classfile\systemDictionary.cpp, line 256]
Event: 3780.072 Thread 0x0000017bdd5a49f0 Exception <a 'java/lang/ClassNotFoundException'{0x000000070c128ea8}: java/lang/ObjectCustomizer> (0x000000070c128ea8) 
thrown [s\src\hotspot\share\classfile\systemDictionary.cpp, line 256]
Event: 3780.073 Thread 0x0000017bdd5a49f0 Exception <a 'java/lang/ClassNotFoundException'{0x000000070c133780}: com/lawzone/market/config/BaseTimeEntityCustomizer> (0x000000070c133780) 
thrown [s\src\hotspot\share\classfile\systemDictionary.cpp, line 256]
Event: 3780.073 Thread 0x0000017bdd5a49f0 Exception <a 'java/lang/ClassNotFoundException'{0x000000070c13d120}: com/lawzone/market/review/service/ProductReviewInfoCustomizer> (0x000000070c13d120) 
thrown [s\src\hotspot\share\classfile\systemDictionary.cpp, line 256]
Event: 3787.835 Thread 0x0000017bd9285f00 Exception <a 'java/lang/ClassNotFoundException'{0x00000007094081c0}: com/lawzone/market/product/service/ProductDTOBeanInfo> (0x00000007094081c0) 
thrown [s\src\hotspot\share\classfile\systemDictionary.cpp, line 256]
Event: 3787.835 Thread 0x0000017bd9285f00 Exception <a 'java/lang/ClassNotFoundException'{0x000000070940cf10}: java/lang/ObjectBeanInfo> (0x000000070940cf10) 
thrown [s\src\hotspot\share\classfile\systemDictionary.cpp, line 256]
Event: 3787.836 Thread 0x0000017bd9285f00 Exception <a 'java/lang/ClassNotFoundException'{0x0000000709411a80}: java/lang/ObjectCustomizer> (0x0000000709411a80) 
thrown [s\src\hotspot\share\classfile\systemDictionary.cpp, line 256]
Event: 3787.836 Thread 0x0000017bd9285f00 Exception <a 'java/lang/ClassNotFoundException'{0x000000070941f4e8}: com/lawzone/market/product/service/ProductDTOCustomizer> (0x000000070941f4e8) 
thrown [s\src\hotspot\share\classfile\systemDictionary.cpp, line 256]
Event: 3813.591 Thread 0x0000017bd9285f00 Exception <a 'java/lang/ClassNotFoundException'{0x0000000708e6e5c0}: com/lawzone/market/image/ProductImageInfoBeanInfo> (0x0000000708e6e5c0) 
thrown [s\src\hotspot\share\classfile\systemDictionary.cpp, line 256]
Event: 3813.592 Thread 0x0000017bd9285f00 Exception <a 'java/lang/ClassNotFoundException'{0x0000000708e79760}: com/lawzone/market/config/BaseTimeEntityBeanInfo> (0x0000000708e79760) 
thrown [s\src\hotspot\share\classfile\systemDictionary.cpp, line 256]
Event: 3813.594 Thread 0x0000017bd9285f00 Exception <a 'java/lang/ClassNotFoundException'{0x0000000708e84b38}: com/lawzone/market/config/BaseTimeEntityCustomizer> (0x0000000708e84b38) 
thrown [s\src\hotspot\share\classfile\systemDictionary.cpp, line 256]
Event: 3813.595 Thread 0x0000017bd9285f00 Exception <a 'java/lang/ClassNotFoundException'{0x0000000708e92200}: com/lawzone/market/image/ProductImageInfoCustomizer> (0x0000000708e92200) 
thrown [s\src\hotspot\share\classfile\systemDictionary.cpp, line 256]
Event: 3813.595 Thread 0x0000017bd9285f00 Exception <a 'java/lang/ClassNotFoundException'{0x0000000708ea4418}: java/sql/TimestampBeanInfo> (0x0000000708ea4418) 
thrown [s\src\hotspot\share\classfile\systemDictionary.cpp, line 256]
Event: 3813.596 Thread 0x0000017bd9285f00 Exception <a 'java/lang/ClassNotFoundException'{0x0000000708ea9ea8}: java/util/DateBeanInfo> (0x0000000708ea9ea8) 
thrown [s\src\hotspot\share\classfile\systemDictionary.cpp, line 256]
Event: 3813.596 Thread 0x0000017bd9285f00 Exception <a 'java/lang/ClassNotFoundException'{0x0000000708eaf660}: java/util/DateCustomizer> (0x0000000708eaf660) 
thrown [s\src\hotspot\share\classfile\systemDictionary.cpp, line 256]
Event: 3813.597 Thread 0x0000017bd9285f00 Exception <a 'java/lang/ClassNotFoundException'{0x0000000708ecaae0}: java/sql/TimestampCustomizer> (0x0000000708ecaae0) 
thrown [s\src\hotspot\share\classfile\systemDictionary.cpp, line 256]

VM Operations (20 events):
Event: 3804.144 Executing VM operation: get/set locals
Event: 3804.144 Executing VM operation: get/set locals done
Event: 3804.145 Executing VM operation: get/set locals
Event: 3804.145 Executing VM operation: get/set locals done
Event: 3804.145 Executing VM operation: get/set locals
Event: 3804.145 Executing VM operation: get/set locals done
Event: 3804.146 Executing VM operation: get/set locals
Event: 3804.146 Executing VM operation: get/set locals done
Event: 3813.592 Executing VM operation: GetObjectMonitorUsage
Event: 3813.593 Executing VM operation: GetObjectMonitorUsage done
Event: 3813.593 Executing VM operation: GetObjectMonitorUsage
Event: 3813.593 Executing VM operation: GetObjectMonitorUsage done
Event: 3814.601 Executing VM operation: Cleanup
Event: 3814.602 Executing VM operation: Cleanup done
Event: 3870.347 Executing VM operation: G1CollectForAllocation
Event: 3870.354 Executing VM operation: G1CollectForAllocation done
Event: 3870.354 Executing VM operation: Cleanup
Event: 3870.355 Executing VM operation: Cleanup done
Event: 3886.197 Executing VM operation: RedefineClasses
Event: 3886.222 Executing VM operation: RedefineClasses done

Events (20 events):
Event: 3785.676 Thread 0x0000017bdd83a580 Thread exited: 0x0000017bdd83a580
Event: 3785.676 Thread 0x0000017bdd992fc0 Thread exited: 0x0000017bdd992fc0
Event: 3785.754 Thread 0x0000017bdd5a5390 Thread exited: 0x0000017bdd5a5390
Event: 3787.835 loading class java/lang/ObjectBeanInfo
Event: 3787.835 loading class java/lang/ObjectBeanInfo done
Event: 3787.835 loading class java/lang/ObjectBeanInfo
Event: 3787.835 loading class java/lang/ObjectBeanInfo done
Event: 3787.835 loading class java/lang/ObjectCustomizer
Event: 3787.835 loading class java/lang/ObjectCustomizer done
Event: 3787.836 loading class java/lang/ObjectCustomizer
Event: 3787.836 loading class java/lang/ObjectCustomizer done
Event: 3792.901 Thread 0x0000017bddfb6800 Thread exited: 0x0000017bddfb6800
Event: 3813.596 loading class java/util/DateBeanInfo
Event: 3813.596 loading class java/util/DateBeanInfo done
Event: 3813.596 loading class java/util/DateBeanInfo
Event: 3813.596 loading class java/util/DateBeanInfo done
Event: 3813.596 loading class java/util/DateCustomizer
Event: 3813.596 loading class java/util/DateCustomizer done
Event: 3813.596 loading class java/util/DateCustomizer
Event: 3813.596 loading class java/util/DateCustomizer done


Dynamic libraries:
0x00007ff6df6e0000 - 0x00007ff6df6ee000 	D:\sts\sts-4.15.3.RELEASE\plugins\org.eclipse.justj.openjdk.hotspot.jre.full.win32.x86_64_17.0.4.v20220805-1047\jre\bin\javaw.exe
0x00007ffccc270000 - 0x00007ffccc484000 	C:\WINDOWS\SYSTEM32\ntdll.dll
0x00007ffcca440000 - 0x00007ffcca502000 	C:\WINDOWS\System32\KERNEL32.DLL
0x00007ffcc9830000 - 0x00007ffcc9bcc000 	C:\WINDOWS\System32\KERNELBASE.dll
0x00007ffcc9db0000 - 0x00007ffcc9ec1000 	C:\WINDOWS\System32\ucrtbase.dll
0x00007ffcc2370000 - 0x00007ffcc2388000 	D:\sts\sts-4.15.3.RELEASE\plugins\org.eclipse.justj.openjdk.hotspot.jre.full.win32.x86_64_17.0.4.v20220805-1047\jre\bin\jli.dll
0x00007ffcc57f0000 - 0x00007ffcc5809000 	D:\sts\sts-4.15.3.RELEASE\plugins\org.eclipse.justj.openjdk.hotspot.jre.full.win32.x86_64_17.0.4.v20220805-1047\jre\bin\VCRUNTIME140.dll
0x00007ffcca630000 - 0x00007ffcca7da000 	C:\WINDOWS\System32\USER32.dll
0x00007ffcca040000 - 0x00007ffcca066000 	C:\WINDOWS\System32\win32u.dll
0x00007ffcb3db0000 - 0x00007ffcb403e000 	C:\WINDOWS\WinSxS\amd64_microsoft.windows.common-controls_6595b64144ccf1df_6.0.22621.608_none_a9444ca7c10bb01d\COMCTL32.dll
0x00007ffcca070000 - 0x00007ffcca099000 	C:\WINDOWS\System32\GDI32.dll
0x00007ffccbbd0000 - 0x00007ffccbc77000 	C:\WINDOWS\System32\msvcrt.dll
0x00007ffcc9710000 - 0x00007ffcc9822000 	C:\WINDOWS\System32\gdi32full.dll
0x00007ffcc9bd0000 - 0x00007ffcc9c6a000 	C:\WINDOWS\System32\msvcp_win.dll
0x00007ffccc160000 - 0x00007ffccc191000 	C:\WINDOWS\System32\IMM32.DLL
0x00007ffcc57e0000 - 0x00007ffcc57ec000 	D:\sts\sts-4.15.3.RELEASE\plugins\org.eclipse.justj.openjdk.hotspot.jre.full.win32.x86_64_17.0.4.v20220805-1047\jre\bin\vcruntime140_1.dll
0x00007ffcb1f40000 - 0x00007ffcb1fd1000 	D:\sts\sts-4.15.3.RELEASE\plugins\org.eclipse.justj.openjdk.hotspot.jre.full.win32.x86_64_17.0.4.v20220805-1047\jre\bin\msvcp140.dll
0x00007ffc5c340000 - 0x00007ffc5cf86000 	D:\sts\sts-4.15.3.RELEASE\plugins\org.eclipse.justj.openjdk.hotspot.jre.full.win32.x86_64_17.0.4.v20220805-1047\jre\bin\server\jvm.dll
0x00007ffcca7e0000 - 0x00007ffcca88e000 	C:\WINDOWS\System32\ADVAPI32.dll
0x00007ffccbc90000 - 0x00007ffccbd34000 	C:\WINDOWS\System32\sechost.dll
0x00007ffcca240000 - 0x00007ffcca355000 	C:\WINDOWS\System32\RPCRT4.dll
0x00007ffccae80000 - 0x00007ffccae88000 	C:\WINDOWS\System32\PSAPI.DLL
0x00007ffcc44a0000 - 0x00007ffcc44d4000 	C:\WINDOWS\SYSTEM32\WINMM.dll
0x00007ffcc2190000 - 0x00007ffcc219a000 	C:\WINDOWS\SYSTEM32\VERSION.dll
0x00007ffc5d6a0000 - 0x00007ffc5d6a9000 	C:\WINDOWS\SYSTEM32\WSOCK32.dll
0x00007ffcca360000 - 0x00007ffcca3d1000 	C:\WINDOWS\System32\WS2_32.dll
0x00007ffcc8740000 - 0x00007ffcc8758000 	C:\WINDOWS\SYSTEM32\kernel.appcore.dll
0x00007ffcc69b0000 - 0x00007ffcc69ba000 	D:\sts\sts-4.15.3.RELEASE\plugins\org.eclipse.justj.openjdk.hotspot.jre.full.win32.x86_64_17.0.4.v20220805-1047\jre\bin\jimage.dll
0x00007ffcc19f0000 - 0x00007ffcc1c1e000 	C:\WINDOWS\SYSTEM32\DBGHELP.DLL
0x00007ffccbd40000 - 0x00007ffccc0c9000 	C:\WINDOWS\System32\combase.dll
0x00007ffccb1b0000 - 0x00007ffccb287000 	C:\WINDOWS\System32\OLEAUT32.dll
0x00007ffcc19b0000 - 0x00007ffcc19e2000 	C:\WINDOWS\SYSTEM32\dbgcore.DLL
0x00007ffcc9c70000 - 0x00007ffcc9ceb000 	C:\WINDOWS\System32\bcryptPrimitives.dll
0x00007ffcb9520000 - 0x00007ffcb955b000 	D:\sts\sts-4.15.3.RELEASE\plugins\org.eclipse.justj.openjdk.hotspot.jre.full.win32.x86_64_17.0.4.v20220805-1047\jre\bin\jdwp.dll
0x00007ffcc5850000 - 0x00007ffcc585e000 	D:\sts\sts-4.15.3.RELEASE\plugins\org.eclipse.justj.openjdk.hotspot.jre.full.win32.x86_64_17.0.4.v20220805-1047\jre\bin\instrument.dll
0x00007ffcc1c70000 - 0x00007ffcc1c95000 	D:\sts\sts-4.15.3.RELEASE\plugins\org.eclipse.justj.openjdk.hotspot.jre.full.win32.x86_64_17.0.4.v20220805-1047\jre\bin\java.dll
0x00007ffcc17d0000 - 0x00007ffcc17e8000 	D:\sts\sts-4.15.3.RELEASE\plugins\org.eclipse.justj.openjdk.hotspot.jre.full.win32.x86_64_17.0.4.v20220805-1047\jre\bin\zip.dll
0x00007ffccb3f0000 - 0x00007ffccbbcd000 	C:\WINDOWS\System32\SHELL32.dll
0x00007ffcc76c0000 - 0x00007ffcc7f77000 	C:\WINDOWS\SYSTEM32\windows.storage.dll
0x00007ffcc7580000 - 0x00007ffcc76bd000 	C:\WINDOWS\SYSTEM32\wintypes.dll
0x00007ffccad80000 - 0x00007ffccae71000 	C:\WINDOWS\System32\SHCORE.dll
0x00007ffccb290000 - 0x00007ffccb2ee000 	C:\WINDOWS\System32\shlwapi.dll
0x00007ffcc95d0000 - 0x00007ffcc95f1000 	C:\WINDOWS\SYSTEM32\profapi.dll
0x00007ffcc57c0000 - 0x00007ffcc57cc000 	D:\sts\sts-4.15.3.RELEASE\plugins\org.eclipse.justj.openjdk.hotspot.jre.full.win32.x86_64_17.0.4.v20220805-1047\jre\bin\dt_socket.dll
0x00007ffcc8240000 - 0x00007ffcc826d000 	C:\WINDOWS\SYSTEM32\IPHLPAPI.DLL
0x00007ffcc8c20000 - 0x00007ffcc8c89000 	C:\WINDOWS\system32\mswsock.dll
0x00007ffcc82b0000 - 0x00007ffcc83a2000 	C:\WINDOWS\SYSTEM32\DNSAPI.dll
0x00007ffccb1a0000 - 0x00007ffccb1a9000 	C:\WINDOWS\System32\NSI.dll
0x00007ffcc0210000 - 0x00007ffcc021a000 	C:\Windows\System32\rasadhlp.dll
0x00007ffcc29e0000 - 0x00007ffcc2a63000 	C:\WINDOWS\System32\fwpuclnt.dll
0x00007ffcc11f0000 - 0x00007ffcc1209000 	D:\sts\sts-4.15.3.RELEASE\plugins\org.eclipse.justj.openjdk.hotspot.jre.full.win32.x86_64_17.0.4.v20220805-1047\jre\bin\net.dll
0x00007ffcc4db0000 - 0x00007ffcc4edf000 	C:\WINDOWS\SYSTEM32\WINHTTP.dll
0x00007ffcc01d0000 - 0x00007ffcc01e5000 	D:\sts\sts-4.15.3.RELEASE\plugins\org.eclipse.justj.openjdk.hotspot.jre.full.win32.x86_64_17.0.4.v20220805-1047\jre\bin\nio.dll
0x00007ffcc2600000 - 0x00007ffcc2610000 	D:\sts\sts-4.15.3.RELEASE\plugins\org.eclipse.justj.openjdk.hotspot.jre.full.win32.x86_64_17.0.4.v20220805-1047\jre\bin\verify.dll
0x00007ffcc1260000 - 0x00007ffcc1269000 	D:\sts\sts-4.15.3.RELEASE\plugins\org.eclipse.justj.openjdk.hotspot.jre.full.win32.x86_64_17.0.4.v20220805-1047\jre\bin\management.dll
0x00007ffcc1250000 - 0x00007ffcc125b000 	D:\sts\sts-4.15.3.RELEASE\plugins\org.eclipse.justj.openjdk.hotspot.jre.full.win32.x86_64_17.0.4.v20220805-1047\jre\bin\management_ext.dll
0x00007ffc6b080000 - 0x00007ffc6b097000 	C:\WINDOWS\system32\napinsp.dll
0x00007ffc62c70000 - 0x00007ffc62c8b000 	C:\WINDOWS\system32\pnrpnsp.dll
0x00007ffc62c50000 - 0x00007ffc62c61000 	C:\WINDOWS\System32\winrnr.dll
0x00007ffcc3070000 - 0x00007ffcc3085000 	C:\WINDOWS\system32\wshbth.dll
0x00007ffc8f660000 - 0x00007ffc8f681000 	C:\WINDOWS\system32\nlansp_c.dll
0x00007ffcc8f30000 - 0x00007ffcc8f4b000 	C:\WINDOWS\SYSTEM32\CRYPTSP.dll
0x00007ffcc8760000 - 0x00007ffcc8795000 	C:\WINDOWS\system32\rsaenh.dll
0x00007ffcc8cc0000 - 0x00007ffcc8ce8000 	C:\WINDOWS\SYSTEM32\USERENV.dll
0x00007ffcc9070000 - 0x00007ffcc9098000 	C:\WINDOWS\SYSTEM32\bcrypt.dll
0x00007ffcc8f10000 - 0x00007ffcc8f1c000 	C:\WINDOWS\SYSTEM32\CRYPTBASE.dll
0x00007ffcc50c0000 - 0x00007ffcc50d9000 	C:\WINDOWS\SYSTEM32\dhcpcsvc6.DLL
0x00007ffcc4a20000 - 0x00007ffcc4a3f000 	C:\WINDOWS\SYSTEM32\dhcpcsvc.DLL
0x00007ffcc1450000 - 0x00007ffcc145e000 	D:\sts\sts-4.15.3.RELEASE\plugins\org.eclipse.justj.openjdk.hotspot.jre.full.win32.x86_64_17.0.4.v20220805-1047\jre\bin\sunmscapi.dll
0x00007ffcc9ed0000 - 0x00007ffcca036000 	C:\WINDOWS\System32\CRYPT32.dll
0x00007ffcc9040000 - 0x00007ffcc906d000 	C:\WINDOWS\SYSTEM32\ncrypt.dll
0x00007ffcc9000000 - 0x00007ffcc9037000 	C:\WINDOWS\SYSTEM32\NTASN1.dll
0x00007ffcc5860000 - 0x00007ffcc5868000 	C:\WINDOWS\system32\wshunix.dll

dbghelp: loaded successfully - version: 4.0.5 - missing functions: none
symbol engine: initialized successfully - sym options: 0x614 - pdb path: .;D:\sts\sts-4.15.3.RELEASE\plugins\org.eclipse.justj.openjdk.hotspot.jre.full.win32.x86_64_17.0.4.v20220805-1047\jre\bin;C:\WINDOWS\SYSTEM32;C:\WINDOWS\WinSxS\amd64_microsoft.windows.common-controls_6595b64144ccf1df_6.0.22621.608_none_a9444ca7c10bb01d;D:\sts\sts-4.15.3.RELEASE\plugins\org.eclipse.justj.openjdk.hotspot.jre.full.win32.x86_64_17.0.4.v20220805-1047\jre\bin\server

VM Arguments:
jvm_args: -XX:+ShowCodeDetailsInExceptionMessages -agentlib:jdwp=transport=dt_socket,suspend=y,address=localhost:59223 -XX:TieredStopAtLevel=1 -Dspring.boot.project.name=lawzone -javaagent:D:\sts\sts-4.15.3.RELEASE\configuration\org.eclipse.osgi\258\0\.cp\lib\javaagent-shaded.jar -Dfile.encoding=UTF-8 
java_command: com.lawzone.market.LawzoneApplication --spring.output.ansi.enabled=always
java_class_path (initial): D:\sts\workspace\lawzone\bin\main;C:\Users\fgh20\.gradle\caches\modules-2\files-2.1\org.projectlombok\lombok\1.18.24\13a394eed5c4f9efb2a6d956e2086f1d81e857d9\lombok-1.18.24.jar;C:\Users\fgh20\.gradle\caches\modules-2\files-2.1\org.springframework.boot\spring-boot-starter-web\2.7.3\9e36c7517c4f872b69d0665e1dd46bd6d83c43b7\spring-boot-starter-web-2.7.3.jar;C:\Users\fgh20\.gradle\caches\modules-2\files-2.1\org.springframework.boot\spring-boot-starter-data-jpa\2.7.3\23f7118584200cf9edd43140dc6252679047bee0\spring-boot-starter-data-jpa-2.7.3.jar;C:\Users\fgh20\.gradle\caches\modules-2\files-2.1\org.springframework.boot\spring-boot-starter-thymeleaf\2.7.3\3dc30e21fe12e5ebc6beef56d1cb5d59fbc0b285\spring-boot-starter-thymeleaf-2.7.3.jar;C:\Users\fgh20\.gradle\caches\modules-2\files-2.1\nz.net.ultraq.thymeleaf\thymeleaf-layout-dialect\3.0.0\901115ad80d4928d1d15f7dfa0bad99c1a006cc2\thymeleaf-layout-dialect-3.0.0.jar;C:\Users\fgh20\.gradle\caches\modules-2\files-2.1\com.googlecode.json-simple\json-simple\1.1.1\c9ad4a0850ab676c5c64461a05ca524cdfff59f1\json-simple-1.1.1.jar;C:\Users\fgh20\.gradle\caches\modules-2\files-2.1\net.sf.json-lib\json-lib\2.4\136743e0d12df4e785e62b48618cee169b2ae546\json-lib-2.4-jdk15.jar;C:\Users\fgh20\.gradle\caches\modules-2\files-2.1\org.springframework.boot\spring-boot-starter-validation\2.7.3\c2e59c8d4df01dfecbdeac96693944ffcb2527ae\spring-boot-starter-validation-2.7.3.jar;C:\Users\fgh20\.gradle\caches\modules-2\files-2.1\org.springframework.boot\spring-boot-starter-security\2.7.3\bcdd12a760d204281a64dccbd670810c494507e3\spring-boot-starter-security-2.7.3.jar;C:\Users\fgh20\.gradle\caches\modules-2\files-2.1\org.thymeleaf.extras\thymeleaf-extras-springsecurity5\3.0.4.RELEASE\88bb10bf73ce285208dd848e8eb17f897ebb02d4\thymeleaf-extras-springsecurity5-3.0.4.RELEASE.jar;C:\Users\fgh20\.gradle\caches\modules-2\files-2.1\org.commonmark\commonmark\0.18.2\1470de8390ccfd5a2f96280101ec100cd9dd5005\commonmark-0.18.2.jar;C:\Users\f
Launcher Type: SUN_STANDARD

[Global flags]
     intx CICompilerCount                          = 4                                         {product} {ergonomic}
     uint ConcGCThreads                            = 3                                         {product} {ergonomic}
     uint G1ConcRefinementThreads                  = 10                                        {product} {ergonomic}
   size_t G1HeapRegionSize                         = 2097152                                   {product} {ergonomic}
    uintx GCDrainStackTargetSize                   = 64                                        {product} {ergonomic}
   size_t InitialHeapSize                          = 266338304                                 {product} {ergonomic}
   size_t MarkStackSize                            = 4194304                                   {product} {ergonomic}
   size_t MaxHeapSize                              = 4238344192                                {product} {ergonomic}
   size_t MaxNewSize                               = 2541748224                                {product} {ergonomic}
   size_t MinHeapDeltaBytes                        = 2097152                                   {product} {ergonomic}
   size_t MinHeapSize                              = 8388608                                   {product} {ergonomic}
    uintx NonProfiledCodeHeapSize                  = 0                                      {pd product} {ergonomic}
     bool ProfileInterpreter                       = false                                  {pd product} {command line}
    uintx ProfiledCodeHeapSize                     = 0                                      {pd product} {ergonomic}
     bool ShowCodeDetailsInExceptionMessages       = true                                   {manageable} {command line}
   size_t SoftMaxHeapSize                          = 4238344192                             {manageable} {ergonomic}
     intx TieredStopAtLevel                        = 1                                         {product} {command line}
     bool UseCompressedClassPointers               = true                           {product lp64_product} {ergonomic}
     bool UseCompressedOops                        = true                           {product lp64_product} {ergonomic}
     bool UseG1GC                                  = true                                      {product} {ergonomic}
     bool UseLargePagesIndividualAllocation        = false                                  {pd product} {ergonomic}

Logging:
Log output configuration:
 #0: stdout all=warning uptime,level,tags
 #1: stderr all=off uptime,level,tags

Environment Variables:
PATH=D:\sts\sts-4.15.3.RELEASE\plugins\org.eclipse.justj.openjdk.hotspot.jre.full.win32.x86_64_17.0.4.v20220805-1047\jre\bin;D:/sts/sts-4.15.3.RELEASE//plugins/org.eclipse.justj.openjdk.hotspot.jre.full.win32.x86_64_17.0.4.v20220805-1047/jre/bin/server;D:/sts/sts-4.15.3.RELEASE//plugins/org.eclipse.justj.openjdk.hotspot.jre.full.win32.x86_64_17.0.4.v20220805-1047/jre/bin;C:\Program Files\Java\jdk1.8.0_341;C:\Program Files\Java\jdk1.8.0_341\bin;C:\WINDOWS\system32;C:\WINDOWS;C:\WINDOWS\System32\Wbem;C:\WINDOWS\System32\WindowsPowerShell\v1.0\;C:\WINDOWS\System32\OpenSSH\;C:\Program Files\nodejs;C:\Users\fgh20\AppData\Roaming\npm;C:\Program Files\Bandizip\;C:\Program Files\dotnet\;C:\Program Files\PuTTY\;C:\Users\fgh20\AppData\Local\Microsoft\WindowsApps;;C:\Users\fgh20\AppData\Local\Programs\Microsoft VS Code\bin;C:\Users\fgh20\AppData\Roaming\npm;D:\sts\sts-4.15.3.RELEASE;
USERNAME=fgh20
OS=Windows_NT
PROCESSOR_IDENTIFIER=Intel64 Family 6 Model 141 Stepping 1, GenuineIntel
TMP=C:\Users\fgh20\AppData\Local\Temp
TEMP=C:\Users\fgh20\AppData\Local\Temp



---------------  S Y S T E M  ---------------

OS:
 Windows 11 , 64 bit Build 22621 (10.0.22621.608)
OS uptime: 6 days 16:32 hours
Hyper-V role detected

CPU: total 12 (initial active 12) (6 cores per cpu, 2 threads per core) family 6 model 141 stepping 1 microcode 0x34, cx8, cmov, fxsr, ht, mmx, 3dnowpref, sse, sse2, sse3, ssse3, sse4.1, sse4.2, popcnt, lzcnt, tsc, tscinvbit, avx, avx2, aes, erms, clmul, bmi1, bmi2, adx, avx512f, avx512dq, avx512cd, avx512bw, avx512vl, sha, fma, vzeroupper, avx512_vpopcntdq, avx512_vpclmulqdq, avx512_vaes, avx512_vnni, clflush, clflushopt, clwb, avx512_vbmi2, avx512_vbmi, hv

Memory: 4k page, system-wide physical 16163M (2640M free)
TotalPageFile size 29987M (AvailPageFile size 4827M)
current process WorkingSet (physical memory assigned to process): 363M, peak: 375M
current process commit charge ("private bytes"): 406M, peak: 430M

vm_info: OpenJDK 64-Bit Server VM (17.0.4+8) for windows-amd64 JRE (17.0.4+8), built on Jul 19 2022 16:05:16 by "temurin" with MS VC++ 16.7 (VS2019)

END.
